<?xml version="1.0" encoding="UTF-8"?>
<!-- Generated by org.testng.reporters.JUnitReportReporter -->
<testsuite skipped="0" hostname="Mamun.local" name="tests.testrun" tests="1" failures="0" timestamp="15 Oct 2018 02:09:35 GMT" time="9.375" errors="0">
  <testcase name="testMethod" time="9.375" classname="tests.testrun"/>
</testsuite> <!-- tests.testrun -->
