<?xml version="1.0" encoding="UTF-8"?>
<!-- Generated by org.testng.reporters.JUnitReportReporter -->
<testsuite skipped="0" hostname="Mamun.local" name="page.KindlePaperwhitePageTest" tests="1" failures="0" timestamp="15 Oct 2018 02:33:06 GMT" time="14.514" errors="0">
  <testcase name="testDefaultQuantitySelectValue" time="14.514" classname="page.KindlePaperwhitePageTest"/>
</testsuite> <!-- page.KindlePaperwhitePageTest -->
