<?xml version="1.0" encoding="UTF-8"?>
<!-- Generated by org.testng.reporters.JUnitReportReporter -->
<testsuite skipped="0" hostname="Mamun.local" name="page.AmazonMainPageTest" tests="1" failures="0" timestamp="15 Oct 2018 02:23:19 GMT" time="0.056" errors="0">
  <testcase name="testShopByDeptButtonVisible" time="0.056" classname="page.AmazonMainPageTest"/>
</testsuite> <!-- page.AmazonMainPageTest -->
